<?xml version="1.0" encoding="UTF-8"?>
<!-- Generated by org.testng.reporters.JUnitXMLReporter -->
<testsuite ignored="0" hostname="DESKTOP-TMQPULF" failures="0" tests="3" name="Default test" time="26.405" errors="0" timestamp="2023-10-27T05:36:51 PDT">
  <testcase classname="com.flipcart.qa.testcases.SignInTest" name="registerWithMandatoryInputs" time="4.56"/>
  <testcase classname="com.flipcart.qa.testcases.SignInTest" name="registerWithallFeilds" time="4.335"/>
  <testcase classname="com.flipcart.qa.testcases.SignInTest" name="registerWithblankInputs" time="0.535"/>
</testsuite> <!-- Default test -->
